Starting Monte Carlo Sampling...

Current time: Thu Apr 16 08:23:08 2026 

Variation: All
Sampling Method: Low-Discrepancy Sequence
Seed: 

MonteCarlo.5
Number of points completed: 100
Number of simulation errors: 0
MonteCarlo.5 completed. 
Current time: Thu Apr 16 08:23:48 2026 
Monte Carlo Sampling yield summary:
Number of spec values are in this yield data: 12
Noise:1	Nominal - 
	(/VOUT h=0)/(/net3 h=0)  pac dB20(V/V):	Yield	0%
		Min 0	Max 0	Mean 0	Number of errors 0
Noise:1	Nominal - 
	(/VOUT h=0)/(/net6 h=0)  pac dB20(V/V):	Yield	0%
		Min 0	Max 0	Mean 0	Number of errors 0
Noise:1	Nominal - 
	(/VOUT)/(/net3 h=0)  pac dB20(V/V):	Yield	0%
		Min 0	Max 0	Mean 0	Number of errors 0
Noise:1	Nominal - 
	(harmonic(db(vh('pss "/VOUT")) 1) - harmonic(db(vh('pss "/VOUT")) 2)):	Yield	0%
		Min 0	Max 0	Mean 0	Number of errors 0
Noise:1	Nominal - 
	V/V /V12 temperature=-40; pxf dB20(V/V):	Yield	0%
		Min 0	Max 0	Mean 0	Number of errors 0
Noise:1	Nominal - 
	V/V /V12 temperature=80; pxf dB20(V/V):	Yield	0%
		Min 0	Max 0	Mean 0	Number of errors 0
Noise:1	Nominal - 
	harm=2 freq; pss (Hz):	Yield	0%
		Min 0	Max 0	Mean 0	Number of errors 0
Noise:1	Nominal - 
	harmonic(db(vh('pss "/VOUT")) 1):	Yield	0%
		Min 0	Max 0	Mean 0	Number of errors 0
Noise:1	Nominal - 
	harmonic(db(vh('pss "/VOUT")) 2):	Yield	0%
		Min 0	Max 0	Mean 0	Number of errors 0
Noise:1	Nominal - 
	harmonic(mag(vh('pss "/VOUT")) 1):	Yield	0%
		Min 0	Max 0	Mean 0	Number of errors 0
Noise:1	Nominal - 
	output noise; V**2/Hz:	Yield	0%
		Min 0	Max 0	Mean 0	Number of errors 0
Noise:1	Nominal - 
	vh('pss "/VOUT"):	Yield	0%
		Min 0	Max 0	Mean 0	Number of errors 0

Noise:1
	Overall Yield	0%	Number of points passed	0	Total number of points	0

Estimated yield = 0% (0/0), 0 errors
Estimated yield (No opregions) = 0% (0/0)
