Starting Single Run, Sweeps and Corners...

Current time: Thu Apr 16 10:30:36 2026 
Best design point: 1
Design specs: 
	NoiseXF	corner	C0_0 - 
	NoiseXF	corner	C0_1 - 
	NoiseXF	corner	C0_2 - 
	NoiseXF	corner	C0_3 - 
	NoiseXF	corner	C0_4 - 
	NoiseXF	corner	C0_5 - 
	NoiseXF	corner	C0_6 - 
	NoiseXF	corner	C0_7 - 
	NoiseXF	corner	C0_8 - 
	NoiseXF	corner	C0_9 - 
	NoiseXF	corner	C0_10 - 
	NoiseXF	corner	C0_11 - 
	NoiseXF	corner	C0_12 - 
	NoiseXF	corner	C0_13 - 
	NoiseXF	corner	C0_14 - 
	NoiseXF	corner	C0_15 - 
	NoiseXF	corner	C0_16 - 
	NoiseXF	corner	C0_17 - 
	NoiseXF	corner	C0_18 - 
	NoiseXF	corner	C0_19 - 
	NoiseXF	corner	C0_20 - 
	NoiseXF	corner	C0_21 - 
	NoiseXF	corner	C0_22 - 
	NoiseXF	corner	C0_23 - 
	NoiseXF	corner	C0_24 - 
	NoiseXF	corner	C0_25 - 
	NoiseXF	corner	C0_26 - 
	NoiseXF	corner	C0_27 - 
	NoiseXF	corner	C0_28 - 
	NoiseXF	corner	C0_29 - 
	NoiseXF	corner	C0_30 - 
	NoiseXF	corner	C0_31 - 
	NoiseXF	corner	C0_32 - 
	NoiseXF	corner	C0_33 - 
	NoiseXF	corner	C0_34 - 
	NoiseXF	corner	C0_35 - 
	NoiseXF	corner	C0_36 - 
	NoiseXF	corner	C0_37 - 
	NoiseXF	corner	C0_38 - 
	NoiseXF	corner	C0_39 - 
	NoiseXF	corner	C0_40 - 
	NoiseXF	corner	C0_41 - 
	NoiseXF	corner	C0_42 - 
	NoiseXF	corner	C0_43 - 
	NoiseXF	corner	C0_44 - 
	NoiseXF	corner	C0_45 - 
	NoiseXF	corner	C0_46 - 
	NoiseXF	corner	C0_47 - 
	NoiseXF	corner	C0_48 - 
	NoiseXF	corner	C0_49 - 
	NoiseXF	corner	C0_50 - 
	NoiseXF	corner	C0_51 - 
	NoiseXF	corner	C0_52 - 
	NoiseXF	corner	C0_53 - 
	NoiseXF	corner	C0_54 - 
	NoiseXF	corner	C0_55 - 
	NoiseXF	corner	C0_56 - 
	NoiseXF	corner	C0_57 - 
	NoiseXF	corner	C0_58 - 
	NoiseXF	corner	C0_59 - 
	NoiseXF	corner	C0_60 - 
	NoiseXF	corner	C0_61 - 
	NoiseXF	corner	C0_62 - 
	NoiseXF	corner	C0_63 - 
	NoiseXF	corner	Nominal - 
Design parameters: 

Interactive.7
Number of points completed: 1
Number of simulation errors: 0
Interactive.7 completed. 
Current time: Thu Apr 16 10:32:35 2026 
