Starting Monte Carlo Sampling...

Current time: Thu Apr 16 10:05:56 2026 

Variation: All
Sampling Method: Low-Discrepancy Sequence
Seed: 12345

MonteCarlo.3
Number of points completed: 100
Number of simulation errors: 0
MonteCarlo.3 completed. 
Current time: Thu Apr 16 10:07:35 2026 
Monte Carlo Sampling yield summary:
Number of spec values are in this yield data: 5
NoiseXF_MC	Nominal - 
	(/VOUT)/(/net3 h=0)  pac dB20(V/V):	Yield	0%
		Min 0	Max 0	Mean 0	Number of errors 0
NoiseXF_MC	Nominal - 
	(/VOUT)/(/net6 h=0)  pac dB20(V/V):	Yield	0%
		Min 0	Max 0	Mean 0	Number of errors 0
NoiseXF_MC	Nominal - 
	V/V /V12; pxf dB20(V/V):	Yield	0%
		Min 0	Max 0	Mean 0	Number of errors 0
NoiseXF_MC	Nominal - 
	V/V /V13; pxf dB20(V/V):	Yield	0%
		Min 0	Max 0	Mean 0	Number of errors 0
NoiseXF_MC	Nominal - 
	v /VOUT; pac mag(V):	Yield	0%
		Min 0	Max 0	Mean 0	Number of errors 0

NoiseXF_MC
	Overall Yield	0%	Number of points passed	0	Total number of points	0

Estimated yield = 0% (0/0), 0 errors
Estimated yield (No opregions) = 0% (0/0)
